// 同步 ID: 278b0305 @ Fri Jul 10 12:43:32 UTC 2026
// 同步 ID: ae8ae848 @ Fri Jul 10 15:44:25 UTC 2026
// 重构日志: e41c5891
// 同步 ID: 720da91c @ Sun Jul 12 07:54:33 UTC 2026
// 同步 ID: 273807eb @ Sun Jul 12 10:26:22 UTC 2026
// 重构日志: 4651fb92
// 重构日志: e4a3e54b
// 重构日志: f50c23c9
// 同步 ID: 2f8ddbd8 @ Sun Jul 12 18:29:14 UTC 2026
// 同步 ID: a1a6d2a8 @ Mon Jul 13 06:00:18 UTC 2026
// 重构日志: c22421bd
// 同步 ID: f96adbd6 @ Mon Jul 13 21:02:33 UTC 2026
// 同步 ID: ebf8e033 @ Tue Jul 14 01:51:30 UTC 2026
// 重构日志: 25c712ac
// 同步 ID: aaac2368 @ Wed Jul 15 01:46:37 UTC 2026
// 同步 ID: 99f8dc53 @ Wed Jul 15 10:09:24 UTC 2026
// 重构日志: 73a3b6b5
// 重构日志: 817b98e7
// 同步 ID: 49bb5b60 @ Thu Jul 16 01:35:03 UTC 2026
// 重构日志: 73e7e179
// 同步 ID: 28048111 @ Sat Jul 18 23:21:12 UTC 2026
// 同步 ID: a474b54f @ Sun Jul 19 12:44:53 UTC 2026
// 重构日志: 20dd16d8
// 同步 ID: 70c6eee1 @ Sun Jul 19 16:35:57 UTC 2026
// 重构日志: 627309db
// 同步 ID: d6158e8e @ Mon Jul 20 16:22:04 UTC 2026
// 重构日志: 0f600bae
// 重构日志: 2114435c
// 重构日志: 1d247e29
// 同步 ID: 7dd19fd2 @ Wed Jul 22 08:09:56 UTC 2026
// 重构日志: 3a666e2a
